ARM GAS  C:\Users\vvman\AppData\Local\Temp\ccUX2rdt.s 			page 1


   1              		.cpu cortex-m4
   2              		.arch armv7e-m
   3              		.fpu fpv4-sp-d16
   4              		.eabi_attribute 27, 1
   5              		.eabi_attribute 28, 1
   6              		.eabi_attribute 20, 1
   7              		.eabi_attribute 21, 1
   8              		.eabi_attribute 23, 3
   9              		.eabi_attribute 24, 1
  10              		.eabi_attribute 25, 1
  11              		.eabi_attribute 26, 1
  12              		.eabi_attribute 30, 1
  13              		.eabi_attribute 34, 1
  14              		.eabi_attribute 18, 4
  15              		.file	"gpio.c"
  16              		.text
  17              	.Ltext0:
  18              		.cfi_sections	.debug_frame
  19              		.file 1 "Core/Src/gpio.c"
  20              		.section	.text.GPIO_WritePin,"ax",%progbits
  21              		.align	1
  22              		.global	GPIO_WritePin
  23              		.syntax unified
  24              		.thumb
  25              		.thumb_func
  27              	GPIO_WritePin:
  28              	.LVL0:
  29              	.LFB130:
   1:Core/Src/gpio.c **** #include "gpio.h"
   2:Core/Src/gpio.c **** void GPIO_WritePin(GPIO_TypeDef *GPIOx, uint16_t Pin, uint8_t State) {
  30              		.loc 1 2 70 view -0
  31              		.cfi_startproc
  32              		@ args = 0, pretend = 0, frame = 0
  33              		@ frame_needed = 0, uses_anonymous_args = 0
  34              		@ link register save eliminated.
   3:Core/Src/gpio.c ****     if (State) {
  35              		.loc 1 3 5 view .LVU1
  36              		.loc 1 3 8 is_stmt 0 view .LVU2
  37 0000 1AB1     		cbz	r2, .L2
   4:Core/Src/gpio.c ****         GPIOx->BSRR = (1 << Pin);
  38              		.loc 1 4 9 is_stmt 1 view .LVU3
  39              		.loc 1 4 26 is_stmt 0 view .LVU4
  40 0002 0123     		movs	r3, #1
  41 0004 8B40     		lsls	r3, r3, r1
  42              		.loc 1 4 21 view .LVU5
  43 0006 8361     		str	r3, [r0, #24]
  44 0008 7047     		bx	lr
  45              	.L2:
   5:Core/Src/gpio.c ****     } else {
   6:Core/Src/gpio.c ****         GPIOx->BSRR = (1 << (Pin + 16));
  46              		.loc 1 6 9 is_stmt 1 view .LVU6
  47              		.loc 1 6 34 is_stmt 0 view .LVU7
  48 000a 1031     		adds	r1, r1, #16
  49              	.LVL1:
  50              		.loc 1 6 26 view .LVU8
  51 000c 0123     		movs	r3, #1
  52 000e 8B40     		lsls	r3, r3, r1
ARM GAS  C:\Users\vvman\AppData\Local\Temp\ccUX2rdt.s 			page 2


  53              		.loc 1 6 21 view .LVU9
  54 0010 8361     		str	r3, [r0, #24]
   7:Core/Src/gpio.c ****     }
   8:Core/Src/gpio.c **** }
  55              		.loc 1 8 1 view .LVU10
  56 0012 7047     		bx	lr
  57              		.cfi_endproc
  58              	.LFE130:
  60              		.section	.text.GPIO_ReadPin,"ax",%progbits
  61              		.align	1
  62              		.global	GPIO_ReadPin
  63              		.syntax unified
  64              		.thumb
  65              		.thumb_func
  67              	GPIO_ReadPin:
  68              	.LVL2:
  69              	.LFB131:
   9:Core/Src/gpio.c **** 
  10:Core/Src/gpio.c **** uint8_t GPIO_ReadPin(GPIO_TypeDef *GPIOx, uint16_t Pin) {
  70              		.loc 1 10 57 is_stmt 1 view -0
  71              		.cfi_startproc
  72              		@ args = 0, pretend = 0, frame = 0
  73              		@ frame_needed = 0, uses_anonymous_args = 0
  74              		@ link register save eliminated.
  11:Core/Src/gpio.c ****     return (GPIOx->IDR & (1 << Pin)) ? 1 : 0;
  75              		.loc 1 11 5 view .LVU12
  76              		.loc 1 11 18 is_stmt 0 view .LVU13
  77 0000 0269     		ldr	r2, [r0, #16]
  78              		.loc 1 11 29 view .LVU14
  79 0002 0123     		movs	r3, #1
  80 0004 8B40     		lsls	r3, r3, r1
  81              		.loc 1 11 42 view .LVU15
  82 0006 1A42     		tst	r2, r3
  12:Core/Src/gpio.c **** }
  83              		.loc 1 12 1 view .LVU16
  84 0008 14BF     		ite	ne
  85 000a 0120     		movne	r0, #1
  86              	.LVL3:
  87              		.loc 1 12 1 view .LVU17
  88 000c 0020     		moveq	r0, #0
  89 000e 7047     		bx	lr
  90              		.cfi_endproc
  91              	.LFE131:
  93              		.section	.text.GPIO_TogglePin,"ax",%progbits
  94              		.align	1
  95              		.global	GPIO_TogglePin
  96              		.syntax unified
  97              		.thumb
  98              		.thumb_func
 100              	GPIO_TogglePin:
 101              	.LVL4:
 102              	.LFB132:
  13:Core/Src/gpio.c **** 
  14:Core/Src/gpio.c **** void GPIO_TogglePin(GPIO_TypeDef *GPIOx, uint16_t Pin) {
 103              		.loc 1 14 56 is_stmt 1 view -0
 104              		.cfi_startproc
 105              		@ args = 0, pretend = 0, frame = 0
ARM GAS  C:\Users\vvman\AppData\Local\Temp\ccUX2rdt.s 			page 3


 106              		@ frame_needed = 0, uses_anonymous_args = 0
 107              		.loc 1 14 56 is_stmt 0 view .LVU19
 108 0000 38B5     		push	{r3, r4, r5, lr}
 109              		.cfi_def_cfa_offset 16
 110              		.cfi_offset 3, -16
 111              		.cfi_offset 4, -12
 112              		.cfi_offset 5, -8
 113              		.cfi_offset 14, -4
 114 0002 0446     		mov	r4, r0
 115 0004 0D46     		mov	r5, r1
  15:Core/Src/gpio.c ****     uint8_t currentState = GPIO_ReadPin(GPIOx, Pin);
 116              		.loc 1 15 5 is_stmt 1 view .LVU20
 117              		.loc 1 15 28 is_stmt 0 view .LVU21
 118 0006 FFF7FEFF 		bl	GPIO_ReadPin
 119              	.LVL5:
  16:Core/Src/gpio.c ****     GPIO_WritePin(GPIOx, Pin, !currentState);
 120              		.loc 1 16 5 is_stmt 1 view .LVU22
 121 000a B0FA80F2 		clz	r2, r0
 122 000e 5209     		lsrs	r2, r2, #5
 123 0010 2946     		mov	r1, r5
 124 0012 2046     		mov	r0, r4
 125              	.LVL6:
 126              		.loc 1 16 5 is_stmt 0 view .LVU23
 127 0014 FFF7FEFF 		bl	GPIO_WritePin
 128              	.LVL7:
  17:Core/Src/gpio.c **** }
 129              		.loc 1 17 1 view .LVU24
 130 0018 38BD     		pop	{r3, r4, r5, pc}
 131              		.loc 1 17 1 view .LVU25
 132              		.cfi_endproc
 133              	.LFE132:
 135              		.text
 136              	.Letext0:
 137              		.file 2 "C:/LB_Np/Tools/xpack-arm-none-eabi-gcc-13.2.1-1.1/arm-none-eabi/include/machine/_default_
 138              		.file 3 "C:/LB_Np/Tools/xpack-arm-none-eabi-gcc-13.2.1-1.1/arm-none-eabi/include/sys/_stdint.h"
 139              		.file 4 "CMSIS/Devices/stm32f411xe.h"
ARM GAS  C:\Users\vvman\AppData\Local\Temp\ccUX2rdt.s 			page 4


DEFINED SYMBOLS
                            *ABS*:00000000 gpio.c
C:\Users\vvman\AppData\Local\Temp\ccUX2rdt.s:21     .text.GPIO_WritePin:00000000 $t
C:\Users\vvman\AppData\Local\Temp\ccUX2rdt.s:27     .text.GPIO_WritePin:00000000 GPIO_WritePin
C:\Users\vvman\AppData\Local\Temp\ccUX2rdt.s:61     .text.GPIO_ReadPin:00000000 $t
C:\Users\vvman\AppData\Local\Temp\ccUX2rdt.s:67     .text.GPIO_ReadPin:00000000 GPIO_ReadPin
C:\Users\vvman\AppData\Local\Temp\ccUX2rdt.s:94     .text.GPIO_TogglePin:00000000 $t
C:\Users\vvman\AppData\Local\Temp\ccUX2rdt.s:100    .text.GPIO_TogglePin:00000000 GPIO_TogglePin

NO UNDEFINED SYMBOLS
