ARM GAS  C:\Users\CHANGY~1\AppData\Local\Temp\ccyU5OSI.s 			page 1


   1              		.cpu cortex-m4
   2              		.arch armv7e-m
   3              		.fpu fpv4-sp-d16
   4              		.eabi_attribute 27, 1
   5              		.eabi_attribute 28, 1
   6              		.eabi_attribute 20, 1
   7              		.eabi_attribute 21, 1
   8              		.eabi_attribute 23, 3
   9              		.eabi_attribute 24, 1
  10              		.eabi_attribute 25, 1
  11              		.eabi_attribute 26, 1
  12              		.eabi_attribute 30, 1
  13              		.eabi_attribute 34, 1
  14              		.eabi_attribute 18, 4
  15              		.file	"it_handlers.c"
  16              		.text
  17              	.Ltext0:
  18              		.cfi_sections	.debug_frame
  19              		.file 1 "Core/Src/it_handlers.c"
  20              		.section	.text.SysTick_Handler,"ax",%progbits
  21              		.align	1
  22              		.global	SysTick_Handler
  23              		.syntax unified
  24              		.thumb
  25              		.thumb_func
  27              	SysTick_Handler:
  28              	.LFB130:
   1:Core/Src/it_handlers.c **** #include "it_handlers.h"
   2:Core/Src/it_handlers.c **** 
   3:Core/Src/it_handlers.c **** extern uint8_t current_led;
   4:Core/Src/it_handlers.c **** extern uint8_t  work_mode;
   5:Core/Src/it_handlers.c **** extern uint8_t blink_frequency;
   6:Core/Src/it_handlers.c **** extern uint8_t button2_pressed; 
   7:Core/Src/it_handlers.c **** extern uint32_t button2_timer;
   8:Core/Src/it_handlers.c **** extern uint32_t systick_counter;
   9:Core/Src/it_handlers.c **** uint16_t  DelayTickCount;
  10:Core/Src/it_handlers.c **** extern const uint32_t led_pins[];
  11:Core/Src/it_handlers.c **** extern const uint32_t blink_periods[];
  12:Core/Src/it_handlers.c **** uint32_t ExternInterruptTickCount;
  13:Core/Src/it_handlers.c **** 
  14:Core/Src/it_handlers.c **** 
  15:Core/Src/it_handlers.c **** // SysTick ‰∏≠Êñ≠Â§ÑÁêÜ
  16:Core/Src/it_handlers.c **** void SysTick_Handler(void) {
  29              		.loc 1 16 28 view -0
  30              		.cfi_startproc
  31              		@ args = 0, pretend = 0, frame = 0
  32              		@ frame_needed = 0, uses_anonymous_args = 0
  33              		@ link register save eliminated.
  17:Core/Src/it_handlers.c ****     systick_counter++; // 1ms ËÆ°Êó∂
  34              		.loc 1 17 5 view .LVU1
  35              		.loc 1 17 20 is_stmt 0 view .LVU2
  36 0000 064A     		ldr	r2, .L2
  37 0002 1368     		ldr	r3, [r2]
  38 0004 0133     		adds	r3, r3, #1
  39 0006 1360     		str	r3, [r2]
  18:Core/Src/it_handlers.c ****     DelayTickCount++;
  40              		.loc 1 18 5 is_stmt 1 view .LVU3
ARM GAS  C:\Users\CHANGY~1\AppData\Local\Temp\ccyU5OSI.s 			page 2


  41              		.loc 1 18 19 is_stmt 0 view .LVU4
  42 0008 054A     		ldr	r2, .L2+4
  43 000a 1388     		ldrh	r3, [r2]
  44 000c 0133     		adds	r3, r3, #1
  45 000e 1380     		strh	r3, [r2]	@ movhi
  19:Core/Src/it_handlers.c ****     ExternInterruptTickCount++;
  46              		.loc 1 19 5 is_stmt 1 view .LVU5
  47              		.loc 1 19 29 is_stmt 0 view .LVU6
  48 0010 044A     		ldr	r2, .L2+8
  49 0012 1368     		ldr	r3, [r2]
  50 0014 0133     		adds	r3, r3, #1
  51 0016 1360     		str	r3, [r2]
  20:Core/Src/it_handlers.c **** }
  52              		.loc 1 20 1 view .LVU7
  53 0018 7047     		bx	lr
  54              	.L3:
  55 001a 00BF     		.align	2
  56              	.L2:
  57 001c 00000000 		.word	systick_counter
  58 0020 00000000 		.word	DelayTickCount
  59 0024 00000000 		.word	ExternInterruptTickCount
  60              		.cfi_endproc
  61              	.LFE130:
  63              		.section	.text.update_led_state,"ax",%progbits
  64              		.align	1
  65              		.global	update_led_state
  66              		.syntax unified
  67              		.thumb
  68              		.thumb_func
  70              	update_led_state:
  71              	.LFB132:
  21:Core/Src/it_handlers.c **** 
  22:Core/Src/it_handlers.c **** 
  23:Core/Src/it_handlers.c **** // ÊåâÈíÆ1ÔºàPC13Ôºâ‰∏≠Êñ≠Â§ÑÁêÜ
  24:Core/Src/it_handlers.c **** void EXTI15_10_IRQHandler(void) {
  25:Core/Src/it_handlers.c ****      
  26:Core/Src/it_handlers.c ****     SET_BIT(EXTI->PR, EXTI_PR_PR13); 
  27:Core/Src/it_handlers.c ****     if(ExternInterruptTickCount >= DELAY_BUTTON_FILTER){ 
  28:Core/Src/it_handlers.c ****         current_led = (current_led + 1) % 6; // ÂàáÊç¢Âà∞‰∏ã‰∏Ä‰∏™ LED
  29:Core/Src/it_handlers.c ****         update_led_state();
  30:Core/Src/it_handlers.c ****         ExternInterruptTickCount = 0;
  31:Core/Src/it_handlers.c ****     }   
  32:Core/Src/it_handlers.c ****   
  33:Core/Src/it_handlers.c **** 
  34:Core/Src/it_handlers.c **** }
  35:Core/Src/it_handlers.c **** 
  36:Core/Src/it_handlers.c **** 
  37:Core/Src/it_handlers.c **** void update_led_state(void) {
  72              		.loc 1 37 29 is_stmt 1 view -0
  73              		.cfi_startproc
  74              		@ args = 0, pretend = 0, frame = 0
  75              		@ frame_needed = 0, uses_anonymous_args = 0
  76              		@ link register save eliminated.
  38:Core/Src/it_handlers.c ****     // ÂÖ≥Èó≠ÊâÄÊúâ LED
  39:Core/Src/it_handlers.c ****     GPIOB->BSRR = LED1_PIN << 16 | LED2_PIN << 16 | LED3_PIN << 16 |
  77              		.loc 1 39 5 view .LVU9
  78              		.loc 1 39 17 is_stmt 0 view .LVU10
ARM GAS  C:\Users\CHANGY~1\AppData\Local\Temp\ccyU5OSI.s 			page 3


  79 0000 124B     		ldr	r3, .L14
  80 0002 134A     		ldr	r2, .L14+4
  81 0004 9A61     		str	r2, [r3, #24]
  40:Core/Src/it_handlers.c ****                   LED4_PIN << 16 | LED5_PIN << 16 | LED6_PIN << 16;
  41:Core/Src/it_handlers.c **** 
  42:Core/Src/it_handlers.c ****     // ÁÇπ‰∫ÆÂΩìÂâç LED
  43:Core/Src/it_handlers.c ****     switch (current_led) {
  82              		.loc 1 43 5 is_stmt 1 view .LVU11
  83 0006 134B     		ldr	r3, .L14+8
  84 0008 1B78     		ldrb	r3, [r3]	@ zero_extendqisi2
  85 000a 052B     		cmp	r3, #5
  86 000c 1CD8     		bhi	.L4
  87 000e DFE803F0 		tbb	[pc, r3]
  88              	.L7:
  89 0012 03       		.byte	(.L12-.L7)/2
  90 0013 08       		.byte	(.L11-.L7)/2
  91 0014 0C       		.byte	(.L10-.L7)/2
  92 0015 10       		.byte	(.L9-.L7)/2
  93 0016 14       		.byte	(.L8-.L7)/2
  94 0017 18       		.byte	(.L6-.L7)/2
  95              		.p2align 1
  96              	.L12:
  44:Core/Src/it_handlers.c ****         case 0: GPIOB->BSRR = LED1_PIN; break;
  97              		.loc 1 44 17 view .LVU12
  98              		.loc 1 44 29 is_stmt 0 view .LVU13
  99 0018 0C4B     		ldr	r3, .L14
 100 001a 4FF48042 		mov	r2, #16384
 101 001e 9A61     		str	r2, [r3, #24]
 102              		.loc 1 44 41 is_stmt 1 view .LVU14
 103 0020 7047     		bx	lr
 104              	.L11:
  45:Core/Src/it_handlers.c ****         case 1: GPIOB->BSRR = LED2_PIN; break;
 105              		.loc 1 45 17 view .LVU15
 106              		.loc 1 45 29 is_stmt 0 view .LVU16
 107 0022 0A4B     		ldr	r3, .L14
 108 0024 8022     		movs	r2, #128
 109 0026 9A61     		str	r2, [r3, #24]
 110              		.loc 1 45 41 is_stmt 1 view .LVU17
 111 0028 7047     		bx	lr
 112              	.L10:
  46:Core/Src/it_handlers.c ****         case 2: GPIOB->BSRR = LED3_PIN; break;
 113              		.loc 1 46 17 view .LVU18
 114              		.loc 1 46 29 is_stmt 0 view .LVU19
 115 002a 084B     		ldr	r3, .L14
 116 002c 0122     		movs	r2, #1
 117 002e 9A61     		str	r2, [r3, #24]
 118              		.loc 1 46 41 is_stmt 1 view .LVU20
 119 0030 7047     		bx	lr
 120              	.L9:
  47:Core/Src/it_handlers.c ****         case 3: GPIOB->BSRR = LED4_PIN; break;
 121              		.loc 1 47 17 view .LVU21
 122              		.loc 1 47 29 is_stmt 0 view .LVU22
 123 0032 064B     		ldr	r3, .L14
 124 0034 0422     		movs	r2, #4
 125 0036 9A61     		str	r2, [r3, #24]
 126              		.loc 1 47 41 is_stmt 1 view .LVU23
 127 0038 7047     		bx	lr
ARM GAS  C:\Users\CHANGY~1\AppData\Local\Temp\ccyU5OSI.s 			page 4


 128              	.L8:
  48:Core/Src/it_handlers.c ****         case 4: GPIOB->BSRR = LED5_PIN; break;
 129              		.loc 1 48 17 view .LVU24
 130              		.loc 1 48 29 is_stmt 0 view .LVU25
 131 003a 044B     		ldr	r3, .L14
 132 003c 4022     		movs	r2, #64
 133 003e 9A61     		str	r2, [r3, #24]
 134              		.loc 1 48 41 is_stmt 1 view .LVU26
 135 0040 7047     		bx	lr
 136              	.L6:
  49:Core/Src/it_handlers.c ****         case 5: GPIOB->BSRR = LED6_PIN; break;
 137              		.loc 1 49 17 view .LVU27
 138              		.loc 1 49 29 is_stmt 0 view .LVU28
 139 0042 024B     		ldr	r3, .L14
 140 0044 0222     		movs	r2, #2
 141 0046 9A61     		str	r2, [r3, #24]
 142              		.loc 1 49 41 is_stmt 1 view .LVU29
 143              	.L4:
  50:Core/Src/it_handlers.c ****     }
  51:Core/Src/it_handlers.c **** }
 144              		.loc 1 51 1 is_stmt 0 view .LVU30
 145 0048 7047     		bx	lr
 146              	.L15:
 147 004a 00BF     		.align	2
 148              	.L14:
 149 004c 00040240 		.word	1073873920
 150 0050 0000C740 		.word	1086783488
 151 0054 00000000 		.word	current_led
 152              		.cfi_endproc
 153              	.LFE132:
 155              		.section	.text.EXTI15_10_IRQHandler,"ax",%progbits
 156              		.align	1
 157              		.global	EXTI15_10_IRQHandler
 158              		.syntax unified
 159              		.thumb
 160              		.thumb_func
 162              	EXTI15_10_IRQHandler:
 163              	.LFB131:
  24:Core/Src/it_handlers.c ****      
 164              		.loc 1 24 33 is_stmt 1 view -0
 165              		.cfi_startproc
 166              		@ args = 0, pretend = 0, frame = 0
 167              		@ frame_needed = 0, uses_anonymous_args = 0
 168 0000 08B5     		push	{r3, lr}
 169              	.LCFI0:
 170              		.cfi_def_cfa_offset 8
 171              		.cfi_offset 3, -8
 172              		.cfi_offset 14, -4
  26:Core/Src/it_handlers.c ****     if(ExternInterruptTickCount >= DELAY_BUTTON_FILTER){ 
 173              		.loc 1 26 5 view .LVU32
 174 0002 0D4A     		ldr	r2, .L20
 175 0004 5369     		ldr	r3, [r2, #20]
 176 0006 43F40053 		orr	r3, r3, #8192
 177 000a 5361     		str	r3, [r2, #20]
  27:Core/Src/it_handlers.c ****         current_led = (current_led + 1) % 6; // ÂàáÊç¢Âà∞‰∏ã‰∏Ä‰∏™ LED
 178              		.loc 1 27 5 view .LVU33
  27:Core/Src/it_handlers.c ****         current_led = (current_led + 1) % 6; // ÂàáÊç¢Âà∞‰∏ã‰∏Ä‰∏™ LED
ARM GAS  C:\Users\CHANGY~1\AppData\Local\Temp\ccyU5OSI.s 			page 5


 179              		.loc 1 27 33 is_stmt 0 view .LVU34
 180 000c 0B4B     		ldr	r3, .L20+4
 181 000e 1B68     		ldr	r3, [r3]
  27:Core/Src/it_handlers.c ****         current_led = (current_led + 1) % 6; // ÂàáÊç¢Âà∞‰∏ã‰∏Ä‰∏™ LED
 182              		.loc 1 27 7 view .LVU35
 183 0010 C72B     		cmp	r3, #199
 184 0012 00D8     		bhi	.L19
 185              	.L16:
  34:Core/Src/it_handlers.c **** 
 186              		.loc 1 34 1 view .LVU36
 187 0014 08BD     		pop	{r3, pc}
 188              	.L19:
  28:Core/Src/it_handlers.c ****         update_led_state();
 189              		.loc 1 28 9 is_stmt 1 view .LVU37
  28:Core/Src/it_handlers.c ****         update_led_state();
 190              		.loc 1 28 36 is_stmt 0 view .LVU38
 191 0016 0A49     		ldr	r1, .L20+8
 192 0018 0A78     		ldrb	r2, [r1]	@ zero_extendqisi2
 193 001a 0132     		adds	r2, r2, #1
  28:Core/Src/it_handlers.c ****         update_led_state();
 194              		.loc 1 28 41 view .LVU39
 195 001c 094B     		ldr	r3, .L20+12
 196 001e 83FB0203 		smull	r0, r3, r3, r2
 197 0022 03EB4303 		add	r3, r3, r3, lsl #1
 198 0026 5800     		lsls	r0, r3, #1
 199 0028 131A     		subs	r3, r2, r0
  28:Core/Src/it_handlers.c ****         update_led_state();
 200              		.loc 1 28 21 view .LVU40
 201 002a 0B70     		strb	r3, [r1]
  29:Core/Src/it_handlers.c ****         ExternInterruptTickCount = 0;
 202              		.loc 1 29 9 is_stmt 1 view .LVU41
 203 002c FFF7FEFF 		bl	update_led_state
 204              	.LVL0:
  30:Core/Src/it_handlers.c ****     }   
 205              		.loc 1 30 9 view .LVU42
  30:Core/Src/it_handlers.c ****     }   
 206              		.loc 1 30 34 is_stmt 0 view .LVU43
 207 0030 024B     		ldr	r3, .L20+4
 208 0032 0022     		movs	r2, #0
 209 0034 1A60     		str	r2, [r3]
  34:Core/Src/it_handlers.c **** 
 210              		.loc 1 34 1 view .LVU44
 211 0036 EDE7     		b	.L16
 212              	.L21:
 213              		.align	2
 214              	.L20:
 215 0038 003C0140 		.word	1073822720
 216 003c 00000000 		.word	ExternInterruptTickCount
 217 0040 00000000 		.word	current_led
 218 0044 ABAAAA2A 		.word	715827883
 219              		.cfi_endproc
 220              	.LFE131:
 222              		.section	.text.User_Delay,"ax",%progbits
 223              		.align	1
 224              		.global	User_Delay
 225              		.syntax unified
 226              		.thumb
ARM GAS  C:\Users\CHANGY~1\AppData\Local\Temp\ccyU5OSI.s 			page 6


 227              		.thumb_func
 229              	User_Delay:
 230              	.LFB133:
  52:Core/Src/it_handlers.c **** 
  53:Core/Src/it_handlers.c **** 
  54:Core/Src/it_handlers.c **** 
  55:Core/Src/it_handlers.c **** void User_Delay(uint32_t delay){
 231              		.loc 1 55 32 is_stmt 1 view -0
 232              		.cfi_startproc
 233              		@ args = 0, pretend = 0, frame = 0
 234              		@ frame_needed = 0, uses_anonymous_args = 0
 235              		@ link register save eliminated.
 236              	.LVL1:
 237              	.L23:
  56:Core/Src/it_handlers.c **** 
  57:Core/Src/it_handlers.c ****     while(DelayTickCount < delay){} //–¶–∏–∫–ª, –±–ª–∞–≥–æ–¥–∞—Ä—è –∫–æ—Ç–æ—Ä–æ–º—É –ø—Ä–æ–∏—Å—Ö–æ–
 238              		.loc 1 57 35 discriminator 1 view .LVU46
 239              		.loc 1 57 26 discriminator 1 view .LVU47
 240 0000 034B     		ldr	r3, .L24
 241 0002 1B88     		ldrh	r3, [r3]
 242 0004 8342     		cmp	r3, r0
 243 0006 FBD3     		bcc	.L23
  58:Core/Src/it_handlers.c ****     if(DelayTickCount >= delay) DelayTickCount = 0; //–û–±–Ω—É–ª–µ–Ω–∏–µ –ø–µ—Ä–µ–º–µ–Ω–Ω–æ–π —Å—á—
 244              		.loc 1 58 5 view .LVU48
 245              		.loc 1 58 33 discriminator 1 view .LVU49
 246              		.loc 1 58 48 is_stmt 0 discriminator 1 view .LVU50
 247 0008 014B     		ldr	r3, .L24
 248 000a 0022     		movs	r2, #0
 249 000c 1A80     		strh	r2, [r3]	@ movhi
  59:Core/Src/it_handlers.c **** 
  60:Core/Src/it_handlers.c **** }
 250              		.loc 1 60 1 view .LVU51
 251 000e 7047     		bx	lr
 252              	.L25:
 253              		.align	2
 254              	.L24:
 255 0010 00000000 		.word	DelayTickCount
 256              		.cfi_endproc
 257              	.LFE133:
 259              		.global	ExternInterruptTickCount
 260              		.section	.bss.ExternInterruptTickCount,"aw",%nobits
 261              		.align	2
 264              	ExternInterruptTickCount:
 265 0000 00000000 		.space	4
 266              		.global	DelayTickCount
 267              		.section	.bss.DelayTickCount,"aw",%nobits
 268              		.align	1
 271              	DelayTickCount:
 272 0000 0000     		.space	2
 273              		.text
 274              	.Letext0:
 275              		.file 2 "D:/mk/tools/xpack-arm-none-eabi-gcc-13.2.1-1.1/arm-none-eabi/include/machine/_default_typ
 276              		.file 3 "D:/mk/tools/xpack-arm-none-eabi-gcc-13.2.1-1.1/arm-none-eabi/include/sys/_stdint.h"
 277              		.file 4 "Core/Inc/../../CMSIS/Devices/stm32f429xx.h"
ARM GAS  C:\Users\CHANGY~1\AppData\Local\Temp\ccyU5OSI.s 			page 7


DEFINED SYMBOLS
                            *ABS*:00000000 it_handlers.c
C:\Users\CHANGY~1\AppData\Local\Temp\ccyU5OSI.s:21     .text.SysTick_Handler:00000000 $t
C:\Users\CHANGY~1\AppData\Local\Temp\ccyU5OSI.s:27     .text.SysTick_Handler:00000000 SysTick_Handler
C:\Users\CHANGY~1\AppData\Local\Temp\ccyU5OSI.s:57     .text.SysTick_Handler:0000001c $d
C:\Users\CHANGY~1\AppData\Local\Temp\ccyU5OSI.s:271    .bss.DelayTickCount:00000000 DelayTickCount
C:\Users\CHANGY~1\AppData\Local\Temp\ccyU5OSI.s:264    .bss.ExternInterruptTickCount:00000000 ExternInterruptTickCount
C:\Users\CHANGY~1\AppData\Local\Temp\ccyU5OSI.s:64     .text.update_led_state:00000000 $t
C:\Users\CHANGY~1\AppData\Local\Temp\ccyU5OSI.s:70     .text.update_led_state:00000000 update_led_state
C:\Users\CHANGY~1\AppData\Local\Temp\ccyU5OSI.s:89     .text.update_led_state:00000012 $d
C:\Users\CHANGY~1\AppData\Local\Temp\ccyU5OSI.s:95     .text.update_led_state:00000018 $t
C:\Users\CHANGY~1\AppData\Local\Temp\ccyU5OSI.s:149    .text.update_led_state:0000004c $d
C:\Users\CHANGY~1\AppData\Local\Temp\ccyU5OSI.s:156    .text.EXTI15_10_IRQHandler:00000000 $t
C:\Users\CHANGY~1\AppData\Local\Temp\ccyU5OSI.s:162    .text.EXTI15_10_IRQHandler:00000000 EXTI15_10_IRQHandler
C:\Users\CHANGY~1\AppData\Local\Temp\ccyU5OSI.s:215    .text.EXTI15_10_IRQHandler:00000038 $d
C:\Users\CHANGY~1\AppData\Local\Temp\ccyU5OSI.s:223    .text.User_Delay:00000000 $t
C:\Users\CHANGY~1\AppData\Local\Temp\ccyU5OSI.s:229    .text.User_Delay:00000000 User_Delay
C:\Users\CHANGY~1\AppData\Local\Temp\ccyU5OSI.s:255    .text.User_Delay:00000010 $d
C:\Users\CHANGY~1\AppData\Local\Temp\ccyU5OSI.s:261    .bss.ExternInterruptTickCount:00000000 $d
C:\Users\CHANGY~1\AppData\Local\Temp\ccyU5OSI.s:268    .bss.DelayTickCount:00000000 $d

UNDEFINED SYMBOLS
systick_counter
current_led
