ARM GAS  C:\Users\Nedoo\AppData\Local\Temp\cciAxABd.s 			page 1


   1              		.cpu cortex-m4
   2              		.arch armv7e-m
   3              		.fpu softvfp
   4              		.eabi_attribute 20, 1
   5              		.eabi_attribute 21, 1
   6              		.eabi_attribute 23, 3
   7              		.eabi_attribute 24, 1
   8              		.eabi_attribute 25, 1
   9              		.eabi_attribute 26, 1
  10              		.eabi_attribute 30, 1
  11              		.eabi_attribute 34, 1
  12              		.eabi_attribute 18, 4
  13              		.file	"system_stm32f4xx.c"
  14              		.text
  15              	.Ltext0:
  16              		.cfi_sections	.debug_frame
  17              		.file 1 "CMSIS/Devices/Src/system_stm32f4xx.c"
  18              		.section	.text.SystemInit,"ax",%progbits
  19              		.align	1
  20              		.global	SystemInit
  21              		.syntax unified
  22              		.thumb
  23              		.thumb_func
  25              	SystemInit:
  26              	.LFB130:
   1:CMSIS/Devices/Src/system_stm32f4xx.c **** /**
   2:CMSIS/Devices/Src/system_stm32f4xx.c ****   ******************************************************************************
   3:CMSIS/Devices/Src/system_stm32f4xx.c ****   * @file    system_stm32f4xx.c
   4:CMSIS/Devices/Src/system_stm32f4xx.c ****   * @author  MCD Application Team
   5:CMSIS/Devices/Src/system_stm32f4xx.c ****   * @brief   CMSIS Cortex-M4 Device Peripheral Access Layer System Source File.
   6:CMSIS/Devices/Src/system_stm32f4xx.c ****   *
   7:CMSIS/Devices/Src/system_stm32f4xx.c ****   *   This file provides two functions and one global variable to be called from 
   8:CMSIS/Devices/Src/system_stm32f4xx.c ****   *   user application:
   9:CMSIS/Devices/Src/system_stm32f4xx.c ****   *      - SystemInit(): This function is called at startup just after reset and 
  10:CMSIS/Devices/Src/system_stm32f4xx.c ****   *                      before branch to main program. This call is made inside
  11:CMSIS/Devices/Src/system_stm32f4xx.c ****   *                      the "startup_stm32f4xx.s" file.
  12:CMSIS/Devices/Src/system_stm32f4xx.c ****   *
  13:CMSIS/Devices/Src/system_stm32f4xx.c ****   *      - SystemCoreClock variable: Contains the core clock (HCLK), it can be used
  14:CMSIS/Devices/Src/system_stm32f4xx.c ****   *                                  by the user application to setup the SysTick 
  15:CMSIS/Devices/Src/system_stm32f4xx.c ****   *                                  timer or configure other parameters.
  16:CMSIS/Devices/Src/system_stm32f4xx.c ****   *                                     
  17:CMSIS/Devices/Src/system_stm32f4xx.c ****   *      - SystemCoreClockUpdate(): Updates the variable SystemCoreClock and must
  18:CMSIS/Devices/Src/system_stm32f4xx.c ****   *                                 be called whenever the core clock is changed
  19:CMSIS/Devices/Src/system_stm32f4xx.c ****   *                                 during program execution.
  20:CMSIS/Devices/Src/system_stm32f4xx.c ****   *
  21:CMSIS/Devices/Src/system_stm32f4xx.c ****   *
  22:CMSIS/Devices/Src/system_stm32f4xx.c ****   ******************************************************************************
  23:CMSIS/Devices/Src/system_stm32f4xx.c ****   * @attention
  24:CMSIS/Devices/Src/system_stm32f4xx.c ****   *
  25:CMSIS/Devices/Src/system_stm32f4xx.c ****   * Copyright (c) 2017 STMicroelectronics.
  26:CMSIS/Devices/Src/system_stm32f4xx.c ****   * All rights reserved.
  27:CMSIS/Devices/Src/system_stm32f4xx.c ****   *
  28:CMSIS/Devices/Src/system_stm32f4xx.c ****   * This software is licensed under terms that can be found in the LICENSE file
  29:CMSIS/Devices/Src/system_stm32f4xx.c ****   * in the root directory of this software component.
  30:CMSIS/Devices/Src/system_stm32f4xx.c ****   * If no LICENSE file comes with this software, it is provided AS-IS.
  31:CMSIS/Devices/Src/system_stm32f4xx.c ****   *
  32:CMSIS/Devices/Src/system_stm32f4xx.c ****   ******************************************************************************
ARM GAS  C:\Users\Nedoo\AppData\Local\Temp\cciAxABd.s 			page 2


  33:CMSIS/Devices/Src/system_stm32f4xx.c ****   */
  34:CMSIS/Devices/Src/system_stm32f4xx.c **** 
  35:CMSIS/Devices/Src/system_stm32f4xx.c **** /** @addtogroup CMSIS
  36:CMSIS/Devices/Src/system_stm32f4xx.c ****   * @{
  37:CMSIS/Devices/Src/system_stm32f4xx.c ****   */
  38:CMSIS/Devices/Src/system_stm32f4xx.c **** 
  39:CMSIS/Devices/Src/system_stm32f4xx.c **** /** @addtogroup stm32f4xx_system
  40:CMSIS/Devices/Src/system_stm32f4xx.c ****   * @{
  41:CMSIS/Devices/Src/system_stm32f4xx.c ****   */  
  42:CMSIS/Devices/Src/system_stm32f4xx.c ****   
  43:CMSIS/Devices/Src/system_stm32f4xx.c **** /** @addtogroup STM32F4xx_System_Private_Includes
  44:CMSIS/Devices/Src/system_stm32f4xx.c ****   * @{
  45:CMSIS/Devices/Src/system_stm32f4xx.c ****   */
  46:CMSIS/Devices/Src/system_stm32f4xx.c **** 
  47:CMSIS/Devices/Src/system_stm32f4xx.c **** 
  48:CMSIS/Devices/Src/system_stm32f4xx.c **** #include "../Inc/stm32f4xx.h"
  49:CMSIS/Devices/Src/system_stm32f4xx.c **** 
  50:CMSIS/Devices/Src/system_stm32f4xx.c **** #if !defined  (HSE_VALUE) 
  51:CMSIS/Devices/Src/system_stm32f4xx.c ****   #define HSE_VALUE    ((uint32_t)25000000) /*!< Default value of the External oscillator in Hz */
  52:CMSIS/Devices/Src/system_stm32f4xx.c **** #endif /* HSE_VALUE */
  53:CMSIS/Devices/Src/system_stm32f4xx.c **** 
  54:CMSIS/Devices/Src/system_stm32f4xx.c **** #if !defined  (HSI_VALUE)
  55:CMSIS/Devices/Src/system_stm32f4xx.c ****   #define HSI_VALUE    ((uint32_t)16000000) /*!< Value of the Internal oscillator in Hz*/
  56:CMSIS/Devices/Src/system_stm32f4xx.c **** #endif /* HSI_VALUE */
  57:CMSIS/Devices/Src/system_stm32f4xx.c **** 
  58:CMSIS/Devices/Src/system_stm32f4xx.c **** /**
  59:CMSIS/Devices/Src/system_stm32f4xx.c ****   * @}
  60:CMSIS/Devices/Src/system_stm32f4xx.c ****   */
  61:CMSIS/Devices/Src/system_stm32f4xx.c **** 
  62:CMSIS/Devices/Src/system_stm32f4xx.c **** /** @addtogroup STM32F4xx_System_Private_TypesDefinitions
  63:CMSIS/Devices/Src/system_stm32f4xx.c ****   * @{
  64:CMSIS/Devices/Src/system_stm32f4xx.c ****   */
  65:CMSIS/Devices/Src/system_stm32f4xx.c **** 
  66:CMSIS/Devices/Src/system_stm32f4xx.c **** /**
  67:CMSIS/Devices/Src/system_stm32f4xx.c ****   * @}
  68:CMSIS/Devices/Src/system_stm32f4xx.c ****   */
  69:CMSIS/Devices/Src/system_stm32f4xx.c **** 
  70:CMSIS/Devices/Src/system_stm32f4xx.c **** /** @addtogroup STM32F4xx_System_Private_Defines
  71:CMSIS/Devices/Src/system_stm32f4xx.c ****   * @{
  72:CMSIS/Devices/Src/system_stm32f4xx.c ****   */
  73:CMSIS/Devices/Src/system_stm32f4xx.c **** 
  74:CMSIS/Devices/Src/system_stm32f4xx.c **** /************************* Miscellaneous Configuration ************************/
  75:CMSIS/Devices/Src/system_stm32f4xx.c **** /*!< Uncomment the following line if you need to use external SRAM or SDRAM as data memory  */
  76:CMSIS/Devices/Src/system_stm32f4xx.c **** #if defined(STM32F405xx) || defined(STM32F415xx) || defined(STM32F407xx) || defined(STM32F417xx)\
  77:CMSIS/Devices/Src/system_stm32f4xx.c ****  || defined(STM32F427xx) || defined(STM32F437xx) || defined(STM32F429xx) || defined(STM32F439xx)\
  78:CMSIS/Devices/Src/system_stm32f4xx.c ****  || defined(STM32F469xx) || defined(STM32F479xx) || defined(STM32F412Zx) || defined(STM32F412Vx)
  79:CMSIS/Devices/Src/system_stm32f4xx.c **** /* #define DATA_IN_ExtSRAM */
  80:CMSIS/Devices/Src/system_stm32f4xx.c **** #endif /* STM32F40xxx || STM32F41xxx || STM32F42xxx || STM32F43xxx || STM32F469xx || STM32F479xx ||
  81:CMSIS/Devices/Src/system_stm32f4xx.c ****           STM32F412Zx || STM32F412Vx */
  82:CMSIS/Devices/Src/system_stm32f4xx.c ****  
  83:CMSIS/Devices/Src/system_stm32f4xx.c **** #if defined(STM32F427xx) || defined(STM32F437xx) || defined(STM32F429xx) || defined(STM32F439xx)\
  84:CMSIS/Devices/Src/system_stm32f4xx.c ****  || defined(STM32F446xx) || defined(STM32F469xx) || defined(STM32F479xx)
  85:CMSIS/Devices/Src/system_stm32f4xx.c **** /* #define DATA_IN_ExtSDRAM */
  86:CMSIS/Devices/Src/system_stm32f4xx.c **** #endif /* STM32F427xx || STM32F437xx || STM32F429xx || STM32F439xx || STM32F446xx || STM32F469xx ||
  87:CMSIS/Devices/Src/system_stm32f4xx.c ****           STM32F479xx */
  88:CMSIS/Devices/Src/system_stm32f4xx.c **** 
  89:CMSIS/Devices/Src/system_stm32f4xx.c **** /* Note: Following vector table addresses must be defined in line with linker
ARM GAS  C:\Users\Nedoo\AppData\Local\Temp\cciAxABd.s 			page 3


  90:CMSIS/Devices/Src/system_stm32f4xx.c ****          configuration. */
  91:CMSIS/Devices/Src/system_stm32f4xx.c **** /*!< Uncomment the following line if you need to relocate the vector table
  92:CMSIS/Devices/Src/system_stm32f4xx.c ****      anywhere in Flash or Sram, else the vector table is kept at the automatic
  93:CMSIS/Devices/Src/system_stm32f4xx.c ****      remap of boot address selected */
  94:CMSIS/Devices/Src/system_stm32f4xx.c **** /* #define USER_VECT_TAB_ADDRESS */
  95:CMSIS/Devices/Src/system_stm32f4xx.c **** 
  96:CMSIS/Devices/Src/system_stm32f4xx.c **** #if defined(USER_VECT_TAB_ADDRESS)
  97:CMSIS/Devices/Src/system_stm32f4xx.c **** /*!< Uncomment the following line if you need to relocate your vector Table
  98:CMSIS/Devices/Src/system_stm32f4xx.c ****      in Sram else user remap will be done in Flash. */
  99:CMSIS/Devices/Src/system_stm32f4xx.c **** /* #define VECT_TAB_SRAM */
 100:CMSIS/Devices/Src/system_stm32f4xx.c **** #if defined(VECT_TAB_SRAM)
 101:CMSIS/Devices/Src/system_stm32f4xx.c **** #define VECT_TAB_BASE_ADDRESS   SRAM_BASE       /*!< Vector Table base address field.
 102:CMSIS/Devices/Src/system_stm32f4xx.c ****                                                      This value must be a multiple of 0x200. */
 103:CMSIS/Devices/Src/system_stm32f4xx.c **** #define VECT_TAB_OFFSET         0x00000000U     /*!< Vector Table base offset field.
 104:CMSIS/Devices/Src/system_stm32f4xx.c ****                                                      This value must be a multiple of 0x200. */
 105:CMSIS/Devices/Src/system_stm32f4xx.c **** #else
 106:CMSIS/Devices/Src/system_stm32f4xx.c **** #define VECT_TAB_BASE_ADDRESS   FLASH_BASE      /*!< Vector Table base address field.
 107:CMSIS/Devices/Src/system_stm32f4xx.c ****                                                      This value must be a multiple of 0x200. */
 108:CMSIS/Devices/Src/system_stm32f4xx.c **** #define VECT_TAB_OFFSET         0x00000000U     /*!< Vector Table base offset field.
 109:CMSIS/Devices/Src/system_stm32f4xx.c ****                                                      This value must be a multiple of 0x200. */
 110:CMSIS/Devices/Src/system_stm32f4xx.c **** #endif /* VECT_TAB_SRAM */
 111:CMSIS/Devices/Src/system_stm32f4xx.c **** #endif /* USER_VECT_TAB_ADDRESS */
 112:CMSIS/Devices/Src/system_stm32f4xx.c **** /******************************************************************************/
 113:CMSIS/Devices/Src/system_stm32f4xx.c **** 
 114:CMSIS/Devices/Src/system_stm32f4xx.c **** /**
 115:CMSIS/Devices/Src/system_stm32f4xx.c ****   * @}
 116:CMSIS/Devices/Src/system_stm32f4xx.c ****   */
 117:CMSIS/Devices/Src/system_stm32f4xx.c **** 
 118:CMSIS/Devices/Src/system_stm32f4xx.c **** /** @addtogroup STM32F4xx_System_Private_Macros
 119:CMSIS/Devices/Src/system_stm32f4xx.c ****   * @{
 120:CMSIS/Devices/Src/system_stm32f4xx.c ****   */
 121:CMSIS/Devices/Src/system_stm32f4xx.c **** 
 122:CMSIS/Devices/Src/system_stm32f4xx.c **** /**
 123:CMSIS/Devices/Src/system_stm32f4xx.c ****   * @}
 124:CMSIS/Devices/Src/system_stm32f4xx.c ****   */
 125:CMSIS/Devices/Src/system_stm32f4xx.c **** 
 126:CMSIS/Devices/Src/system_stm32f4xx.c **** /** @addtogroup STM32F4xx_System_Private_Variables
 127:CMSIS/Devices/Src/system_stm32f4xx.c ****   * @{
 128:CMSIS/Devices/Src/system_stm32f4xx.c ****   */
 129:CMSIS/Devices/Src/system_stm32f4xx.c ****   /* This variable is updated in three ways:
 130:CMSIS/Devices/Src/system_stm32f4xx.c ****       1) by calling CMSIS function SystemCoreClockUpdate()
 131:CMSIS/Devices/Src/system_stm32f4xx.c ****       2) by calling HAL API function HAL_RCC_GetHCLKFreq()
 132:CMSIS/Devices/Src/system_stm32f4xx.c ****       3) each time HAL_RCC_ClockConfig() is called to configure the system clock frequency 
 133:CMSIS/Devices/Src/system_stm32f4xx.c ****          Note: If you use this function to configure the system clock; then there
 134:CMSIS/Devices/Src/system_stm32f4xx.c ****                is no need to call the 2 first functions listed above, since SystemCoreClock
 135:CMSIS/Devices/Src/system_stm32f4xx.c ****                variable is updated automatically.
 136:CMSIS/Devices/Src/system_stm32f4xx.c ****   */
 137:CMSIS/Devices/Src/system_stm32f4xx.c **** uint32_t SystemCoreClock = 16000000;
 138:CMSIS/Devices/Src/system_stm32f4xx.c **** const uint8_t AHBPrescTable[16] = {0, 0, 0, 0, 0, 0, 0, 0, 1, 2, 3, 4, 6, 7, 8, 9};
 139:CMSIS/Devices/Src/system_stm32f4xx.c **** const uint8_t APBPrescTable[8]  = {0, 0, 0, 0, 1, 2, 3, 4};
 140:CMSIS/Devices/Src/system_stm32f4xx.c **** /**
 141:CMSIS/Devices/Src/system_stm32f4xx.c ****   * @}
 142:CMSIS/Devices/Src/system_stm32f4xx.c ****   */
 143:CMSIS/Devices/Src/system_stm32f4xx.c **** 
 144:CMSIS/Devices/Src/system_stm32f4xx.c **** /** @addtogroup STM32F4xx_System_Private_FunctionPrototypes
 145:CMSIS/Devices/Src/system_stm32f4xx.c ****   * @{
 146:CMSIS/Devices/Src/system_stm32f4xx.c ****   */
ARM GAS  C:\Users\Nedoo\AppData\Local\Temp\cciAxABd.s 			page 4


 147:CMSIS/Devices/Src/system_stm32f4xx.c **** 
 148:CMSIS/Devices/Src/system_stm32f4xx.c **** #if defined (DATA_IN_ExtSRAM) || defined (DATA_IN_ExtSDRAM)
 149:CMSIS/Devices/Src/system_stm32f4xx.c ****   static void SystemInit_ExtMemCtl(void); 
 150:CMSIS/Devices/Src/system_stm32f4xx.c **** #endif /* DATA_IN_ExtSRAM || DATA_IN_ExtSDRAM */
 151:CMSIS/Devices/Src/system_stm32f4xx.c **** 
 152:CMSIS/Devices/Src/system_stm32f4xx.c **** /**
 153:CMSIS/Devices/Src/system_stm32f4xx.c ****   * @}
 154:CMSIS/Devices/Src/system_stm32f4xx.c ****   */
 155:CMSIS/Devices/Src/system_stm32f4xx.c **** 
 156:CMSIS/Devices/Src/system_stm32f4xx.c **** /** @addtogroup STM32F4xx_System_Private_Functions
 157:CMSIS/Devices/Src/system_stm32f4xx.c ****   * @{
 158:CMSIS/Devices/Src/system_stm32f4xx.c ****   */
 159:CMSIS/Devices/Src/system_stm32f4xx.c **** 
 160:CMSIS/Devices/Src/system_stm32f4xx.c **** /**
 161:CMSIS/Devices/Src/system_stm32f4xx.c ****   * @brief  Setup the microcontroller system
 162:CMSIS/Devices/Src/system_stm32f4xx.c ****   *         Initialize the FPU setting, vector table location and External memory 
 163:CMSIS/Devices/Src/system_stm32f4xx.c ****   *         configuration.
 164:CMSIS/Devices/Src/system_stm32f4xx.c ****   * @param  None
 165:CMSIS/Devices/Src/system_stm32f4xx.c ****   * @retval None
 166:CMSIS/Devices/Src/system_stm32f4xx.c ****   */
 167:CMSIS/Devices/Src/system_stm32f4xx.c **** void SystemInit(void)
 168:CMSIS/Devices/Src/system_stm32f4xx.c **** {
  27              		.loc 1 168 1 view -0
  28              		.cfi_startproc
  29              		@ args = 0, pretend = 0, frame = 0
  30              		@ frame_needed = 0, uses_anonymous_args = 0
  31              		@ link register save eliminated.
 169:CMSIS/Devices/Src/system_stm32f4xx.c ****   /* FPU settings ------------------------------------------------------------*/
 170:CMSIS/Devices/Src/system_stm32f4xx.c ****   #if (__FPU_PRESENT == 1) && (__FPU_USED == 0) //It's been changed. Original value __FPU_USED == 1
 171:CMSIS/Devices/Src/system_stm32f4xx.c ****     SCB->CPACR |= ((3UL << 10*2)|(3UL << 11*2));  /* set CP10 and CP11 Full Access */
  32              		.loc 1 171 5 view .LVU1
  33              		.loc 1 171 8 is_stmt 0 view .LVU2
  34 0000 034A     		ldr	r2, .L2
  35 0002 D2F88830 		ldr	r3, [r2, #136]
  36              		.loc 1 171 16 view .LVU3
  37 0006 43F47003 		orr	r3, r3, #15728640
  38 000a C2F88830 		str	r3, [r2, #136]
 172:CMSIS/Devices/Src/system_stm32f4xx.c ****   #endif
 173:CMSIS/Devices/Src/system_stm32f4xx.c **** 
 174:CMSIS/Devices/Src/system_stm32f4xx.c **** #if defined (DATA_IN_ExtSRAM) || defined (DATA_IN_ExtSDRAM)
 175:CMSIS/Devices/Src/system_stm32f4xx.c ****   SystemInit_ExtMemCtl(); 
 176:CMSIS/Devices/Src/system_stm32f4xx.c **** #endif /* DATA_IN_ExtSRAM || DATA_IN_ExtSDRAM */
 177:CMSIS/Devices/Src/system_stm32f4xx.c **** 
 178:CMSIS/Devices/Src/system_stm32f4xx.c ****   /* Configure the Vector Table location -------------------------------------*/
 179:CMSIS/Devices/Src/system_stm32f4xx.c **** #if defined(USER_VECT_TAB_ADDRESS)
 180:CMSIS/Devices/Src/system_stm32f4xx.c ****   SCB->VTOR = VECT_TAB_BASE_ADDRESS | VECT_TAB_OFFSET; /* Vector Table Relocation in Internal SRAM 
 181:CMSIS/Devices/Src/system_stm32f4xx.c **** #endif /* USER_VECT_TAB_ADDRESS */
 182:CMSIS/Devices/Src/system_stm32f4xx.c **** }
  39              		.loc 1 182 1 view .LVU4
  40 000e 7047     		bx	lr
  41              	.L3:
  42              		.align	2
  43              	.L2:
  44 0010 00ED00E0 		.word	-536810240
  45              		.cfi_endproc
  46              	.LFE130:
  48              		.section	.text.SystemCoreClockUpdate,"ax",%progbits
ARM GAS  C:\Users\Nedoo\AppData\Local\Temp\cciAxABd.s 			page 5


  49              		.align	1
  50              		.global	SystemCoreClockUpdate
  51              		.syntax unified
  52              		.thumb
  53              		.thumb_func
  55              	SystemCoreClockUpdate:
  56              	.LFB131:
 183:CMSIS/Devices/Src/system_stm32f4xx.c **** 
 184:CMSIS/Devices/Src/system_stm32f4xx.c **** /**
 185:CMSIS/Devices/Src/system_stm32f4xx.c ****    * @brief  Update SystemCoreClock variable according to Clock Register Values.
 186:CMSIS/Devices/Src/system_stm32f4xx.c ****   *         The SystemCoreClock variable contains the core clock (HCLK), it can
 187:CMSIS/Devices/Src/system_stm32f4xx.c ****   *         be used by the user application to setup the SysTick timer or configure
 188:CMSIS/Devices/Src/system_stm32f4xx.c ****   *         other parameters.
 189:CMSIS/Devices/Src/system_stm32f4xx.c ****   *           
 190:CMSIS/Devices/Src/system_stm32f4xx.c ****   * @note   Each time the core clock (HCLK) changes, this function must be called
 191:CMSIS/Devices/Src/system_stm32f4xx.c ****   *         to update SystemCoreClock variable value. Otherwise, any configuration
 192:CMSIS/Devices/Src/system_stm32f4xx.c ****   *         based on this variable will be incorrect.         
 193:CMSIS/Devices/Src/system_stm32f4xx.c ****   *     
 194:CMSIS/Devices/Src/system_stm32f4xx.c ****   * @note   - The system frequency computed by this function is not the real 
 195:CMSIS/Devices/Src/system_stm32f4xx.c ****   *           frequency in the chip. It is calculated based on the predefined 
 196:CMSIS/Devices/Src/system_stm32f4xx.c ****   *           constant and the selected clock source:
 197:CMSIS/Devices/Src/system_stm32f4xx.c ****   *             
 198:CMSIS/Devices/Src/system_stm32f4xx.c ****   *           - If SYSCLK source is HSI, SystemCoreClock will contain the HSI_VALUE(*)
 199:CMSIS/Devices/Src/system_stm32f4xx.c ****   *                                              
 200:CMSIS/Devices/Src/system_stm32f4xx.c ****   *           - If SYSCLK source is HSE, SystemCoreClock will contain the HSE_VALUE(**)
 201:CMSIS/Devices/Src/system_stm32f4xx.c ****   *                          
 202:CMSIS/Devices/Src/system_stm32f4xx.c ****   *           - If SYSCLK source is PLL, SystemCoreClock will contain the HSE_VALUE(**) 
 203:CMSIS/Devices/Src/system_stm32f4xx.c ****   *             or HSI_VALUE(*) multiplied/divided by the PLL factors.
 204:CMSIS/Devices/Src/system_stm32f4xx.c ****   *         
 205:CMSIS/Devices/Src/system_stm32f4xx.c ****   *         (*) HSI_VALUE is a constant defined in stm32f4xx_hal_conf.h file (default value
 206:CMSIS/Devices/Src/system_stm32f4xx.c ****   *             16 MHz) but the real value may vary depending on the variations
 207:CMSIS/Devices/Src/system_stm32f4xx.c ****   *             in voltage and temperature.   
 208:CMSIS/Devices/Src/system_stm32f4xx.c ****   *    
 209:CMSIS/Devices/Src/system_stm32f4xx.c ****   *         (**) HSE_VALUE is a constant defined in stm32f4xx_hal_conf.h file (its value
 210:CMSIS/Devices/Src/system_stm32f4xx.c ****   *              depends on the application requirements), user has to ensure that HSE_VALUE
 211:CMSIS/Devices/Src/system_stm32f4xx.c ****   *              is same as the real frequency of the crystal used. Otherwise, this function
 212:CMSIS/Devices/Src/system_stm32f4xx.c ****   *              may have wrong result.
 213:CMSIS/Devices/Src/system_stm32f4xx.c ****   *                
 214:CMSIS/Devices/Src/system_stm32f4xx.c ****   *         - The result of this function could be not correct when using fractional
 215:CMSIS/Devices/Src/system_stm32f4xx.c ****   *           value for HSE crystal.
 216:CMSIS/Devices/Src/system_stm32f4xx.c ****   *     
 217:CMSIS/Devices/Src/system_stm32f4xx.c ****   * @param  None
 218:CMSIS/Devices/Src/system_stm32f4xx.c ****   * @retval None
 219:CMSIS/Devices/Src/system_stm32f4xx.c ****   */
 220:CMSIS/Devices/Src/system_stm32f4xx.c **** void SystemCoreClockUpdate(void)
 221:CMSIS/Devices/Src/system_stm32f4xx.c **** {
  57              		.loc 1 221 1 is_stmt 1 view -0
  58              		.cfi_startproc
  59              		@ args = 0, pretend = 0, frame = 0
  60              		@ frame_needed = 0, uses_anonymous_args = 0
  61              		@ link register save eliminated.
 222:CMSIS/Devices/Src/system_stm32f4xx.c ****   uint32_t tmp = 0, pllvco = 0, pllp = 2, pllsource = 0, pllm = 2;
  62              		.loc 1 222 3 view .LVU6
  63              	.LVL0:
 223:CMSIS/Devices/Src/system_stm32f4xx.c ****   
 224:CMSIS/Devices/Src/system_stm32f4xx.c ****   /* Get SYSCLK source -------------------------------------------------------*/
 225:CMSIS/Devices/Src/system_stm32f4xx.c ****   tmp = RCC->CFGR & RCC_CFGR_SWS;
ARM GAS  C:\Users\Nedoo\AppData\Local\Temp\cciAxABd.s 			page 6


  64              		.loc 1 225 3 view .LVU7
  65              		.loc 1 225 12 is_stmt 0 view .LVU8
  66 0000 224B     		ldr	r3, .L11
  67 0002 9B68     		ldr	r3, [r3, #8]
  68              		.loc 1 225 7 view .LVU9
  69 0004 03F00C03 		and	r3, r3, #12
  70              	.LVL1:
 226:CMSIS/Devices/Src/system_stm32f4xx.c **** 
 227:CMSIS/Devices/Src/system_stm32f4xx.c ****   switch (tmp)
  71              		.loc 1 227 3 is_stmt 1 view .LVU10
  72 0008 042B     		cmp	r3, #4
  73 000a 11D0     		beq	.L5
  74 000c 082B     		cmp	r3, #8
  75 000e 13D0     		beq	.L6
  76 0010 002B     		cmp	r3, #0
  77 0012 37D1     		bne	.L7
 228:CMSIS/Devices/Src/system_stm32f4xx.c ****   {
 229:CMSIS/Devices/Src/system_stm32f4xx.c ****     case 0x00:  /* HSI used as system clock source */
 230:CMSIS/Devices/Src/system_stm32f4xx.c ****       SystemCoreClock = HSI_VALUE;
  78              		.loc 1 230 7 view .LVU11
  79              		.loc 1 230 23 is_stmt 0 view .LVU12
  80 0014 1E4B     		ldr	r3, .L11+4
  81              	.LVL2:
  82              		.loc 1 230 23 view .LVU13
  83 0016 1F4A     		ldr	r2, .L11+8
  84 0018 1A60     		str	r2, [r3]
 231:CMSIS/Devices/Src/system_stm32f4xx.c ****       break;
  85              		.loc 1 231 7 is_stmt 1 view .LVU14
  86              	.LVL3:
  87              	.L8:
 232:CMSIS/Devices/Src/system_stm32f4xx.c ****     case 0x04:  /* HSE used as system clock source */
 233:CMSIS/Devices/Src/system_stm32f4xx.c ****       SystemCoreClock = HSE_VALUE;
 234:CMSIS/Devices/Src/system_stm32f4xx.c ****       break;
 235:CMSIS/Devices/Src/system_stm32f4xx.c ****     case 0x08:  /* PLL used as system clock source */
 236:CMSIS/Devices/Src/system_stm32f4xx.c **** 
 237:CMSIS/Devices/Src/system_stm32f4xx.c ****       /* PLL_VCO = (HSE_VALUE or HSI_VALUE / PLL_M) * PLL_N
 238:CMSIS/Devices/Src/system_stm32f4xx.c ****          SYSCLK = PLL_VCO / PLL_P
 239:CMSIS/Devices/Src/system_stm32f4xx.c ****          */    
 240:CMSIS/Devices/Src/system_stm32f4xx.c ****       pllsource = (RCC->PLLCFGR & RCC_PLLCFGR_PLLSRC) >> 22;
 241:CMSIS/Devices/Src/system_stm32f4xx.c ****       pllm = RCC->PLLCFGR & RCC_PLLCFGR_PLLM;
 242:CMSIS/Devices/Src/system_stm32f4xx.c ****       
 243:CMSIS/Devices/Src/system_stm32f4xx.c ****       if (pllsource != 0)
 244:CMSIS/Devices/Src/system_stm32f4xx.c ****       {
 245:CMSIS/Devices/Src/system_stm32f4xx.c ****         /* HSE used as PLL clock source */
 246:CMSIS/Devices/Src/system_stm32f4xx.c ****         pllvco = (HSE_VALUE / pllm) * ((RCC->PLLCFGR & RCC_PLLCFGR_PLLN) >> 6);
 247:CMSIS/Devices/Src/system_stm32f4xx.c ****       }
 248:CMSIS/Devices/Src/system_stm32f4xx.c ****       else
 249:CMSIS/Devices/Src/system_stm32f4xx.c ****       {
 250:CMSIS/Devices/Src/system_stm32f4xx.c ****         /* HSI used as PLL clock source */
 251:CMSIS/Devices/Src/system_stm32f4xx.c ****         pllvco = (HSI_VALUE / pllm) * ((RCC->PLLCFGR & RCC_PLLCFGR_PLLN) >> 6);
 252:CMSIS/Devices/Src/system_stm32f4xx.c ****       }
 253:CMSIS/Devices/Src/system_stm32f4xx.c **** 
 254:CMSIS/Devices/Src/system_stm32f4xx.c ****       pllp = (((RCC->PLLCFGR & RCC_PLLCFGR_PLLP) >>16) + 1 ) *2;
 255:CMSIS/Devices/Src/system_stm32f4xx.c ****       SystemCoreClock = pllvco/pllp;
 256:CMSIS/Devices/Src/system_stm32f4xx.c ****       break;
 257:CMSIS/Devices/Src/system_stm32f4xx.c ****     default:
 258:CMSIS/Devices/Src/system_stm32f4xx.c ****       SystemCoreClock = HSI_VALUE;
ARM GAS  C:\Users\Nedoo\AppData\Local\Temp\cciAxABd.s 			page 7


 259:CMSIS/Devices/Src/system_stm32f4xx.c ****       break;
 260:CMSIS/Devices/Src/system_stm32f4xx.c ****   }
 261:CMSIS/Devices/Src/system_stm32f4xx.c ****   /* Compute HCLK frequency --------------------------------------------------*/
 262:CMSIS/Devices/Src/system_stm32f4xx.c ****   /* Get HCLK prescaler */
 263:CMSIS/Devices/Src/system_stm32f4xx.c ****   tmp = AHBPrescTable[((RCC->CFGR & RCC_CFGR_HPRE) >> 4)];
  88              		.loc 1 263 3 view .LVU15
  89              		.loc 1 263 28 is_stmt 0 view .LVU16
  90 001a 1C4B     		ldr	r3, .L11
  91 001c 9B68     		ldr	r3, [r3, #8]
  92              		.loc 1 263 52 view .LVU17
  93 001e C3F30313 		ubfx	r3, r3, #4, #4
  94              		.loc 1 263 22 view .LVU18
  95 0022 1D4A     		ldr	r2, .L11+12
  96 0024 D15C     		ldrb	r1, [r2, r3]	@ zero_extendqisi2
  97              	.LVL4:
 264:CMSIS/Devices/Src/system_stm32f4xx.c ****   /* HCLK frequency */
 265:CMSIS/Devices/Src/system_stm32f4xx.c ****   SystemCoreClock >>= tmp;
  98              		.loc 1 265 3 is_stmt 1 view .LVU19
  99              		.loc 1 265 19 is_stmt 0 view .LVU20
 100 0026 1A4A     		ldr	r2, .L11+4
 101 0028 1368     		ldr	r3, [r2]
 102 002a CB40     		lsrs	r3, r3, r1
 103 002c 1360     		str	r3, [r2]
 266:CMSIS/Devices/Src/system_stm32f4xx.c **** }
 104              		.loc 1 266 1 view .LVU21
 105 002e 7047     		bx	lr
 106              	.LVL5:
 107              	.L5:
 233:CMSIS/Devices/Src/system_stm32f4xx.c ****       break;
 108              		.loc 1 233 7 is_stmt 1 view .LVU22
 233:CMSIS/Devices/Src/system_stm32f4xx.c ****       break;
 109              		.loc 1 233 23 is_stmt 0 view .LVU23
 110 0030 174B     		ldr	r3, .L11+4
 111              	.LVL6:
 233:CMSIS/Devices/Src/system_stm32f4xx.c ****       break;
 112              		.loc 1 233 23 view .LVU24
 113 0032 1A4A     		ldr	r2, .L11+16
 114 0034 1A60     		str	r2, [r3]
 234:CMSIS/Devices/Src/system_stm32f4xx.c ****     case 0x08:  /* PLL used as system clock source */
 115              		.loc 1 234 7 is_stmt 1 view .LVU25
 116 0036 F0E7     		b	.L8
 117              	.LVL7:
 118              	.L6:
 240:CMSIS/Devices/Src/system_stm32f4xx.c ****       pllm = RCC->PLLCFGR & RCC_PLLCFGR_PLLM;
 119              		.loc 1 240 7 view .LVU26
 240:CMSIS/Devices/Src/system_stm32f4xx.c ****       pllm = RCC->PLLCFGR & RCC_PLLCFGR_PLLM;
 120              		.loc 1 240 23 is_stmt 0 view .LVU27
 121 0038 144B     		ldr	r3, .L11
 122              	.LVL8:
 240:CMSIS/Devices/Src/system_stm32f4xx.c ****       pllm = RCC->PLLCFGR & RCC_PLLCFGR_PLLM;
 123              		.loc 1 240 23 view .LVU28
 124 003a 5968     		ldr	r1, [r3, #4]
 125              	.LVL9:
 241:CMSIS/Devices/Src/system_stm32f4xx.c ****       
 126              		.loc 1 241 7 is_stmt 1 view .LVU29
 241:CMSIS/Devices/Src/system_stm32f4xx.c ****       
 127              		.loc 1 241 17 is_stmt 0 view .LVU30
ARM GAS  C:\Users\Nedoo\AppData\Local\Temp\cciAxABd.s 			page 8


 128 003c 5A68     		ldr	r2, [r3, #4]
 241:CMSIS/Devices/Src/system_stm32f4xx.c ****       
 129              		.loc 1 241 12 view .LVU31
 130 003e 02F03F02 		and	r2, r2, #63
 131              	.LVL10:
 243:CMSIS/Devices/Src/system_stm32f4xx.c ****       {
 132              		.loc 1 243 7 is_stmt 1 view .LVU32
 243:CMSIS/Devices/Src/system_stm32f4xx.c ****       {
 133              		.loc 1 243 10 is_stmt 0 view .LVU33
 134 0042 11F4800F 		tst	r1, #4194304
 135 0046 13D0     		beq	.L9
 246:CMSIS/Devices/Src/system_stm32f4xx.c ****       }
 136              		.loc 1 246 9 is_stmt 1 view .LVU34
 246:CMSIS/Devices/Src/system_stm32f4xx.c ****       }
 137              		.loc 1 246 29 is_stmt 0 view .LVU35
 138 0048 144B     		ldr	r3, .L11+16
 139 004a B3FBF2F3 		udiv	r3, r3, r2
 246:CMSIS/Devices/Src/system_stm32f4xx.c ****       }
 140              		.loc 1 246 44 view .LVU36
 141 004e 0F4A     		ldr	r2, .L11
 142              	.LVL11:
 246:CMSIS/Devices/Src/system_stm32f4xx.c ****       }
 143              		.loc 1 246 44 view .LVU37
 144 0050 5268     		ldr	r2, [r2, #4]
 246:CMSIS/Devices/Src/system_stm32f4xx.c ****       }
 145              		.loc 1 246 74 view .LVU38
 146 0052 C2F38812 		ubfx	r2, r2, #6, #9
 246:CMSIS/Devices/Src/system_stm32f4xx.c ****       }
 147              		.loc 1 246 16 view .LVU39
 148 0056 02FB03F3 		mul	r3, r2, r3
 149              	.LVL12:
 150              	.L10:
 254:CMSIS/Devices/Src/system_stm32f4xx.c ****       SystemCoreClock = pllvco/pllp;
 151              		.loc 1 254 7 is_stmt 1 view .LVU40
 254:CMSIS/Devices/Src/system_stm32f4xx.c ****       SystemCoreClock = pllvco/pllp;
 152              		.loc 1 254 20 is_stmt 0 view .LVU41
 153 005a 0C4A     		ldr	r2, .L11
 154 005c 5268     		ldr	r2, [r2, #4]
 254:CMSIS/Devices/Src/system_stm32f4xx.c ****       SystemCoreClock = pllvco/pllp;
 155              		.loc 1 254 50 view .LVU42
 156 005e C2F30142 		ubfx	r2, r2, #16, #2
 254:CMSIS/Devices/Src/system_stm32f4xx.c ****       SystemCoreClock = pllvco/pllp;
 157              		.loc 1 254 56 view .LVU43
 158 0062 0132     		adds	r2, r2, #1
 254:CMSIS/Devices/Src/system_stm32f4xx.c ****       SystemCoreClock = pllvco/pllp;
 159              		.loc 1 254 12 view .LVU44
 160 0064 5200     		lsls	r2, r2, #1
 161              	.LVL13:
 255:CMSIS/Devices/Src/system_stm32f4xx.c ****       break;
 162              		.loc 1 255 7 is_stmt 1 view .LVU45
 255:CMSIS/Devices/Src/system_stm32f4xx.c ****       break;
 163              		.loc 1 255 31 is_stmt 0 view .LVU46
 164 0066 B3FBF2F3 		udiv	r3, r3, r2
 165              	.LVL14:
 255:CMSIS/Devices/Src/system_stm32f4xx.c ****       break;
 166              		.loc 1 255 23 view .LVU47
 167 006a 094A     		ldr	r2, .L11+4
ARM GAS  C:\Users\Nedoo\AppData\Local\Temp\cciAxABd.s 			page 9


 168              	.LVL15:
 255:CMSIS/Devices/Src/system_stm32f4xx.c ****       break;
 169              		.loc 1 255 23 view .LVU48
 170 006c 1360     		str	r3, [r2]
 256:CMSIS/Devices/Src/system_stm32f4xx.c ****     default:
 171              		.loc 1 256 7 is_stmt 1 view .LVU49
 172 006e D4E7     		b	.L8
 173              	.LVL16:
 174              	.L9:
 251:CMSIS/Devices/Src/system_stm32f4xx.c ****       }
 175              		.loc 1 251 9 view .LVU50
 251:CMSIS/Devices/Src/system_stm32f4xx.c ****       }
 176              		.loc 1 251 29 is_stmt 0 view .LVU51
 177 0070 084B     		ldr	r3, .L11+8
 178 0072 B3FBF2F3 		udiv	r3, r3, r2
 251:CMSIS/Devices/Src/system_stm32f4xx.c ****       }
 179              		.loc 1 251 44 view .LVU52
 180 0076 054A     		ldr	r2, .L11
 181              	.LVL17:
 251:CMSIS/Devices/Src/system_stm32f4xx.c ****       }
 182              		.loc 1 251 44 view .LVU53
 183 0078 5268     		ldr	r2, [r2, #4]
 251:CMSIS/Devices/Src/system_stm32f4xx.c ****       }
 184              		.loc 1 251 74 view .LVU54
 185 007a C2F38812 		ubfx	r2, r2, #6, #9
 251:CMSIS/Devices/Src/system_stm32f4xx.c ****       }
 186              		.loc 1 251 16 view .LVU55
 187 007e 02FB03F3 		mul	r3, r2, r3
 188              	.LVL18:
 251:CMSIS/Devices/Src/system_stm32f4xx.c ****       }
 189              		.loc 1 251 16 view .LVU56
 190 0082 EAE7     		b	.L10
 191              	.LVL19:
 192              	.L7:
 258:CMSIS/Devices/Src/system_stm32f4xx.c ****       break;
 193              		.loc 1 258 7 is_stmt 1 view .LVU57
 258:CMSIS/Devices/Src/system_stm32f4xx.c ****       break;
 194              		.loc 1 258 23 is_stmt 0 view .LVU58
 195 0084 024B     		ldr	r3, .L11+4
 196              	.LVL20:
 258:CMSIS/Devices/Src/system_stm32f4xx.c ****       break;
 197              		.loc 1 258 23 view .LVU59
 198 0086 034A     		ldr	r2, .L11+8
 199 0088 1A60     		str	r2, [r3]
 259:CMSIS/Devices/Src/system_stm32f4xx.c ****   }
 200              		.loc 1 259 7 is_stmt 1 view .LVU60
 201 008a C6E7     		b	.L8
 202              	.L12:
 203              		.align	2
 204              	.L11:
 205 008c 00380240 		.word	1073887232
 206 0090 00000000 		.word	SystemCoreClock
 207 0094 0024F400 		.word	16000000
 208 0098 00000000 		.word	AHBPrescTable
 209 009c 40787D01 		.word	25000000
 210              		.cfi_endproc
 211              	.LFE131:
ARM GAS  C:\Users\Nedoo\AppData\Local\Temp\cciAxABd.s 			page 10


 213              		.global	APBPrescTable
 214              		.section	.rodata.APBPrescTable,"a"
 215              		.align	2
 218              	APBPrescTable:
 219 0000 00000000 		.ascii	"\000\000\000\000\001\002\003\004"
 219      01020304 
 220              		.global	AHBPrescTable
 221              		.section	.rodata.AHBPrescTable,"a"
 222              		.align	2
 225              	AHBPrescTable:
 226 0000 00000000 		.ascii	"\000\000\000\000\000\000\000\000\001\002\003\004\006"
 226      00000000 
 226      01020304 
 226      06
 227 000d 070809   		.ascii	"\007\010\011"
 228              		.global	SystemCoreClock
 229              		.section	.data.SystemCoreClock,"aw"
 230              		.align	2
 233              	SystemCoreClock:
 234 0000 0024F400 		.word	16000000
 235              		.text
 236              	.Letext0:
 237              		.file 2 "D:/STEM32_works/Danpianji/SysGCC/arm-eabi/arm-none-eabi/include/machine/_default_types.h"
 238              		.file 3 "D:/STEM32_works/Danpianji/SysGCC/arm-eabi/arm-none-eabi/include/sys/_stdint.h"
 239              		.file 4 "CMSIS/Devices/../include/core_cm4.h"
 240              		.file 5 "CMSIS/Devices/Src/../Inc/system_stm32f4xx.h"
 241              		.file 6 "CMSIS/Devices/Src/../Inc/stm32f429xx.h"
ARM GAS  C:\Users\Nedoo\AppData\Local\Temp\cciAxABd.s 			page 11


DEFINED SYMBOLS
                            *ABS*:00000000 system_stm32f4xx.c
C:\Users\Nedoo\AppData\Local\Temp\cciAxABd.s:19     .text.SystemInit:00000000 $t
C:\Users\Nedoo\AppData\Local\Temp\cciAxABd.s:25     .text.SystemInit:00000000 SystemInit
C:\Users\Nedoo\AppData\Local\Temp\cciAxABd.s:44     .text.SystemInit:00000010 $d
C:\Users\Nedoo\AppData\Local\Temp\cciAxABd.s:49     .text.SystemCoreClockUpdate:00000000 $t
C:\Users\Nedoo\AppData\Local\Temp\cciAxABd.s:55     .text.SystemCoreClockUpdate:00000000 SystemCoreClockUpdate
C:\Users\Nedoo\AppData\Local\Temp\cciAxABd.s:205    .text.SystemCoreClockUpdate:0000008c $d
C:\Users\Nedoo\AppData\Local\Temp\cciAxABd.s:233    .data.SystemCoreClock:00000000 SystemCoreClock
C:\Users\Nedoo\AppData\Local\Temp\cciAxABd.s:225    .rodata.AHBPrescTable:00000000 AHBPrescTable
C:\Users\Nedoo\AppData\Local\Temp\cciAxABd.s:218    .rodata.APBPrescTable:00000000 APBPrescTable
C:\Users\Nedoo\AppData\Local\Temp\cciAxABd.s:215    .rodata.APBPrescTable:00000000 $d
C:\Users\Nedoo\AppData\Local\Temp\cciAxABd.s:222    .rodata.AHBPrescTable:00000000 $d
C:\Users\Nedoo\AppData\Local\Temp\cciAxABd.s:230    .data.SystemCoreClock:00000000 $d

NO UNDEFINED SYMBOLS
